Verifier: gov_check_quality
Repository: /home/aron/ai-workspace/codebases/theory.cloud/factory/products/frameworks/FaceTheory
Rubric ID: QUA-1

TypeScript dependencies already match ts/package-lock.json
make[1]: Entering directory '/home/aron/ai-workspace/codebases/theory.cloud/factory/products/frameworks/FaceTheory'
cd ts && npm run typecheck

> @theory-cloud/facetheory@3.8.1 typecheck
> npm run build && tsc -p tsconfig.json --noEmit


> @theory-cloud/facetheory@3.8.1 build
> tsc -p tsconfig.build.json && node scripts/copy-svelte-sources.mjs

make[1]: Leaving directory '/home/aron/ai-workspace/codebases/theory.cloud/factory/products/frameworks/FaceTheory'
make[1]: Entering directory '/home/aron/ai-workspace/codebases/theory.cloud/factory/products/frameworks/FaceTheory'
cd ts && npm run lint

> @theory-cloud/facetheory@3.8.1 lint
> eslint . --max-warnings=0 && npm run verify:svelte:runes:self-test && npm run verify:svelte:runes


> @theory-cloud/facetheory@3.8.1 verify:svelte:runes:self-test
> bash scripts/verify-svelte-runes.sh --self-test

✓ verify-svelte-runes self-test: pass fixture, all legacy syntax failures, and fail-closed source discovery are covered.

> @theory-cloud/facetheory@3.8.1 verify:svelte:runes
> bash scripts/verify-svelte-runes.sh

✓ verify-svelte-runes: all Svelte components under /home/aron/ai-workspace/codebases/theory.cloud/factory/products/frameworks/FaceTheory/ts/src use Svelte 5 runes (no legacy syntax).
make[1]: Leaving directory '/home/aron/ai-workspace/codebases/theory.cloud/factory/products/frameworks/FaceTheory'
make[1]: Entering directory '/home/aron/ai-workspace/codebases/theory.cloud/factory/products/frameworks/FaceTheory'
cd ts && npm test

> @theory-cloud/facetheory@3.8.1 test
> npm run build && npm run test:unit


> @theory-cloud/facetheory@3.8.1 build
> tsc -p tsconfig.build.json && node scripts/copy-svelte-sources.mjs


> @theory-cloud/facetheory@3.8.1 test:unit
> tsx test/run-unit.ts

FaceTheory unit test files discovered: 68
✔ adapter pipeline: modeUsesRuntimeHydrationSidecars preserves current modes (0.3856ms)
✔ adapter pipeline: assembleFaceRenderResult preserves deterministic tag order (0.405849ms)
✔ adapter pipeline: runs prepare, wrap, render, contribute, finalize, enforce in order (0.291082ms)
✔ antd coverage: SSR renders representative components with styles in head (95.15632ms)
✔ antd coverage: hydrates without className mismatch warnings (107.083506ms)
✔ antd integration: extracts SSR styles (and applies CSP nonce) (24.525173ms)
✔ antd integration: merges base theme + overrides (PayTheory theme pattern) (3.516825ms)
✔ antd integration: shared instances stay isolated across overlapping renders (67.317208ms)
✔ antd integration: strict CSP rejects inline style extraction (6.270039ms)
✔ FaceApp: renders HTML with title (1.589046ms)
✔ FaceApp: typed FaceModule load data flows into render (0.313802ms)
✔ FaceApp: validates face contracts at construction (0.251333ms)
✔ FaceApp: enforces face contract gaps at construction (0.403359ms)
✔ FaceApp: strict trailing-slash policy preserves current 404 behavior (0.178875ms)
✔ FaceApp: redirect trailing-slash policy returns a 308 canonical URL (0.226754ms)
✔ FaceApp: normalize trailing-slash policy matches both silently (0.178305ms)
✔ FaceApp: propagates x-request-id and injects one when missing (0.203574ms)
✔ FaceApp: load/render errors return deterministic 500 HTML (0.37749ms)
✔ FaceApp: merges set-cookie header values and cookies array without joining (0.525675ms)
✔ FaceApp: parses query from path when request.query is omitted (0.230354ms)
✔ FaceApp: parses request cookies from cookie headers by default (0.161465ms)
✔ FaceApp: emits document shell attrs through the public render contract (0.116877ms)
✔ FaceApp: strict CSP validates body HTML before returning a response (0.857277ms)
✔ FaceApp: strict SSR inline hydration is served from framework sidecars (1.50259ms)
✔ FaceApp: strict SSR Vite hydration uses the same framework sidecar path (0.669842ms)
✔ FaceApp: caller-managed strict external hydration is preserved (0.268153ms)
✔ FaceApp: default sidecar variant ignores arbitrary cookie drift (0.558584ms)
✔ FaceApp: custom sidecar requestVariant fails closed for mismatched cookie variants (0.634413ms)
✔ FaceApp: framework sidecar resource keeps precedence over broad faces (0.332221ms)
✔ FaceApp: framework sidecar resources reject structural caller route conflicts (0.462327ms)
✔ FaceApp: framework sidecar resource keeps precedence over broad caller resources (0.234473ms)
✔ FaceApp: non-strict routes preserve legacy inline body output (0.109437ms)
✔ parseCookiesFromHeaders: supports mixed case cookie header names (0.052788ms)
✔ parseQueryString: preserves special keys without prototype mutation (0.080848ms)
✔ parseCookiesFromHeaders: preserves special keys without prototype mutation (0.041418ms)
✔ FaceApp: onError receives original resource and sidecar exceptions (0.241944ms)
✔ FaceApp: streaming body error before first chunk falls back to buffered 500 (0.212004ms)
✔ apptheory adapter: buffered response matches FaceApp status/headers/cookies/body (2.821663ms)
✔ apptheory adapter: Lambda Function URL streaming yields head prefix chunk before body chunks (2.440583ms)
✔ aws-s3: getObject returns null on not-found errors (0.678821ms)
✔ aws-s3: getObject forwards body and etag (0.586584ms)
✔ aws-s3: putObject maps bucket/key/body/contentType/cacheControl/metadata (0.176965ms)
✔ client hydration loader: reads inline hydration before external links (27.990108ms)
✔ client hydration loader: treats spoofed inline markers as absent (13.686547ms)
✔ client hydration loader: fetches same-origin external hydration data (4.40131ms)
✔ client hydration loader: returns null when no hydration marker is present (3.013418ms)
✔ client hydration loader: rejects malformed inline hydration JSON (3.136084ms)
✔ client hydration loader: rejects cross-origin external hydration URLs before fetch (3.181893ms)
✔ client hydration loader: rejects unsafe and malformed external hydration URLs (0.237414ms)
✔ client hydration loader: rejects redirected cross-origin hydration responses (0.215614ms)
✔ client hydration loader: rejects invalid fetch response shapes (0.146597ms)
✔ client hydration loader: rejects non-JSON and invalid JSON responses (0.36923ms)
✔ client hydration beacon: reports opted-in hydrate failures with same-origin sendBeacon (3.978152ms)
✔ client hydration beacon: falls back to same-origin keepalive fetch (8.290694ms)
✔ client hydration beacon: rejects cross-origin endpoints before wiring (6.055485ms)
✔ control-plane preset: relaxed mode is the default and strict CSP remains supported (2.721236ms)
✔ control-plane preset: strict mode opts into no-inline CSP and external assets (1.632775ms)
✔ control-plane preset: shell-first client-fill leaves section data off critical path (0.580515ms)
✔ control-plane preset: strict section endpoints emit no-inline CSP headers (0.3785ms)
✔ control-plane preset: strict section endpoints fail closed on unsafe fragments (0.407469ms)
✔ control-plane preset: rejects section reads without bounded tenant scope at app construction (0.286152ms)
✔ control-plane preset: streaming capability does not block first shell chunk on section data (0.505516ms)
✔ control-plane preset: gate rejection is buffered before any shell is returned (0.33992ms)
✔ control-plane asset registrar: serves ESM helper GET and HEAD through real Lambda serving path (0.3396ms)
✔ control-plane asset registrar: serves Tier B CSS externally in both modes (0.35353ms)
✔ control-plane guardrails: unconditional I4/I5/I10 fail in both CSP modes (0.157646ms)
✔ control-plane guardrails: relaxed mode tolerates antd-cssinjs while strict inline style fails (0.127156ms)
✔ control-plane boundary guardrails: current source keeps control-plane and Stitch host-owned (32.879045ms)
✔ control-plane boundary guardrails: blocks raw data/auth ownership in control-plane surfaces (0.280642ms)
✔ control-plane boundary guardrails: malformed whitespace-heavy imports scan quickly (3.203263ms)
✔ control-plane host-contract example uses opaque bounded tenant reads in SSR load (2.375225ms)
✔ control-plane host-contract example avoids client globals and time-varying reads (2.991569ms)
✔ control-plane sections report original load/render exceptions to onError (1.46742ms)
✔ facetheory create emits a React starter that typechecks (5249.471567ms)
✔ facetheory create emits Vue and Svelte starters that typecheck (10715.344422ms)
✔ facetheory create rejects non-empty target directories with a fix (1.211037ms)
✔ vite dev server: Vite middleware serves dev assets before FaceApp routes (14.960111ms)
✔ vite dev server: loads the SSR entry through Vite for FaceApp requests (5.395983ms)
✔ facetheory doctor passes for aligned React starter dependencies (7.69117ms)
✔ facetheory doctor reads the Node floor from package engines (2.628998ms)
✔ facetheory doctor explains the Svelte version floor (2.618438ms)
✔ facetheory doctor reports AppTheory/TableTheory override drift with a fix (3.273511ms)
✔ emotion integration: extracts SSR styles and preserves theme values (5.87798ms)
✔ emotion integration: can consume Ant Design tokens (portal pattern) (13.453522ms)
✔ emotion integration: shared instances stay isolated across overlapping renders (21.090184ms)
✔ emotion integration: strict CSP rejects inline style extraction (0.939284ms)
✔ examples integrity: blocking ISR handler executes and serves cache hits (6.474743ms)
✔ examples integrity: AppTheory Lambda URL streaming example handler executes (6.23618ms)
✔ examples integrity: React ISR handler regenerates then serves cache hits (9.929828ms)
✔ examples integrity: SPA navigation swaps Faces and loads each Face sidecar (52.530044ms)
✔ vite strict CSP react example: renders external assets and framework SSR hydration sidecars (434.261957ms)
✔ vite strict CSP vue example: renders external assets and framework SSR hydration sidecars (441.533915ms)
✔ vue SSG example: statically generates a real Vue tree with Vite assets and generateStaticParams (383.628589ms)
✔ head contracts: strict CSP policy and hydration shapes are additive (0.486306ms)
✔ head: charset meta then title, with dedupe (last wins) (0.310372ms)
✔ head helpers: emit typed tags through deterministic primitive ordering (0.349981ms)
✔ head helpers: title template requires an explicit placeholder (0.205155ms)
✔ head helpers: title template treats dollar sequences as literal title text (0.390969ms)
✔ head helpers: JSON-LD carries request nonce through strict CSP (0.798558ms)
✔ head helpers: strict JSON-LD fails closed without matching request nonce (0.145596ms)
✔ head helpers: structurally dedupe identical keyless JSON-LD tags (0.100217ms)
✔ head: structurally dedupes keyless meta link script and style tags (0.207535ms)
✔ head: applies CSP nonce to inline styles and hydration scripts (0.198914ms)
✔ head: external hydration emits metadata without inline JSON (0.106717ms)
✔ head: strict CSP rejects inline script, style, raw head, and unsafe attributes (0.159766ms)
✔ head: strict CSP allows external hydration with same-origin URLs (0.155995ms)
✔ head: strict CSP rejects cross-origin bootstrap and data URLs (0.139076ms)
✔ head: strict CSP allows same-origin relative and absolute script src/link href URLs (0.152726ms)
✔ head: strict CSP rejects unsafe and canonical cross-origin script src/link href URLs (0.132597ms)
✔ head: strict CSP rejects backslash and control-normalized cross-origin head URLs (0.146705ms)
✔ head: strict CSP fails closed for browser-cross-origin URLs without allowed origin (0.077678ms)
✔ head: strict CSP rejects backslash-normalized external hydration URLs (0.084268ms)
✔ head: escapes title and blocks unsafe hydration module URLs (0.066789ms)
✔ escapeHTML escapes basic characters (0.451278ms)
✔ safeJson escapes HTML-significant characters (0.107057ms)
✔ renderAttributes sorts, escapes, and omits falsey attrs (0.092507ms)
✔ renderHTMLDocument emits doctype (0.076508ms)
✔ renderHTMLDocument merges document shell attrs deterministically (0.076618ms)
✔ security: strict CSP header uses deterministic same-origin no-inline defaults (0.177255ms)
✔ security: strict CSP header can include a deterministic nonce (0.261773ms)
✔ security: strict CSP document validator rejects inline document scripts and styles (0.507866ms)
✔ security: strict CSP document validator rejects malformed script end tag bodies (0.141797ms)
✔ security: strict CSP document validator accepts only empty external script bodies (0.257843ms)
✔ security: strict CSP document validator rejects inline body attributes (0.145946ms)
✔ security: strict CSP document validator rejects slash-separated unsafe attributes (0.143826ms)
✔ isr: stale burst triggers one regeneration and waiters share result (58.830671ms)
✔ isr: in-memory invalidate deletes meta so the next request regenerates (1.138569ms)
✔ isr: regeneration failure serves stale and keeps pointer intact (0.577654ms)
✔ isr: expired lease does not deadlock regeneration (80.305723ms)
✔ isr: default cache key partitions by query strings (0.778529ms)
✔ isr: default tenant partition fails closed on tenant boundary headers (0.623243ms)
✔ isr: custom tenant boundary headers extend fail-closed defaults (0.256713ms)
✔ isr: malformed tenantBoundaryHeaders non-array input fails loudly at construction (0.119396ms)
✔ isr: malformed tenantBoundaryHeaders non-string entry fails loudly at construction (0.074738ms)
✔ isr: malformed varyCookies non-array input fails loudly at construction (0.141096ms)
✔ isr: malformed varyCookies non-string entry fails loudly at construction (0.061339ms)
✔ isr: malformed varyCookies empty array fails loudly at construction (0.071798ms)
✔ isr: null tenantKey does not count as an explicit tenant partition (0.193825ms)
✔ isr: null cacheKey does not count as an explicit tenant partition (0.111677ms)
✔ isr: null tenantKey and cacheKey does not count as an explicit tenant partition (0.105407ms)
✔ isr: tenantKey option partitions by a trusted header boundary (0.3434ms)
✔ isr: custom cacheKey is an explicit tenant boundary partition contract (0.309361ms)
✔ isr: default cache key partitions by auth headers and cookies without raw secrets (1.488879ms)
✔ isr: varyCookies allowlist scopes request variant cookie partitioning (0.408819ms)
✔ isr: metadata commits never include HTML body text (0.258043ms)
✔ isr: cache hits preserve status and content type from HTML metadata (0.412998ms)
✔ isr: metadata get failure serves last-known stale entry with degraded state (0.385259ms)
✔ isr: metadata get failure honors error policy instead of serving stale (0.265743ms)
✔ isr: metadata-failure last-known records evict least-recent cache keys (5.756043ms)
✔ isr: lease failure serves current stale entry with degraded state (0.328871ms)
✔ isr: metadata failure without a serveable entry returns 500 through onError (0.153375ms)
✔ isr: strict CSP hydration writes and serves pointer-derived sidecars (1.881759ms)
✔ isr: strict CSP cached HTML is validated before re-emitting stored bodies (0.598424ms)
✔ isr: strict CSP hydration sidecars are bound to tenant and auth variants (0.835278ms)
✔ isr: failed strict sidecar writes fail closed to stale HTML/data pairs (0.940194ms)
✔ isr: invalid strict sidecar tokens fail closed without rendering (0.134956ms)
✔ lambdaUrlEventToFaceRequest: maps Lambda URL event shape deterministically (1.720153ms)
✔ faceResponseToLambdaUrlResult: preserves set-cookie as separate values (0.302042ms)
✔ faceResponseToLambdaUrlResult: does not duplicate cookies when set-cookie is mirrored (0.117797ms)
✔ faceResponseToLambdaUrlResult: base64-encodes binary payloads when requested (0.097278ms)
✔ writeFaceResponseToLambdaWriter: writes head once before first body bytes (1.266146ms)
✔ writeFaceResponseToLambdaWriter: waits for drain when writes apply backpressure (3.300009ms)
✔ createLambdaUrlStreamingHandler: stops drain wait on raw stream close before drain (1.10352ms)
✔ createLambdaUrlStreamingHandler: stops drain wait on raw stream error before drain (0.421009ms)
✔ handleLambdaUrlEvent: serves emitted SSR hydration sidecar URL as raw JSON without rerendering (2.430483ms)
✔ createLambdaUrlStreamingHandler: applies headers once before streaming bytes (0.445208ms)
✔ createLambdaUrlStreamingHandler: writes strict CSP nonce metadata before streaming bytes (0.545245ms)
✔ navigation pending: reuses the FaceTheory SPA navigation classifier source (31.265175ms)
✔ navigation pending: shows an immediate status pill for accepted same-origin links (6.710607ms)
✔ navigation pending: never reuses a non-indicator element on id collision (4.851787ms)
✔ navigation pending: preserves native behavior for skipped link classifications (33.178352ms)
✔ navigation pending: observes form submits without taking submit authority (4.38001ms)
✔ navigation pending: clears pending UI on lifecycle cleanup events (9.227058ms)
✔ navigation pending: clearing marked links preserves nested DOM content (4.163506ms)
✔ navigation pending: marks reduced-motion status without adding motion itself (3.30177ms)
✔ oac form helpers: encode fields in order and hash exact bytes (1.056121ms)
✔ oac form helpers: collect successful controls and submitter in DOM order (33.283019ms)
✔ oac form helpers: reject file entries instead of stringifying them (4.939715ms)
✔ oac form helpers: compute lowercase SHA256 hex with Web Crypto (1.349993ms)
✔ oac form transport: intercepts marked same-origin POST forms with OAC headers (14.098684ms)
✔ oac form transport: forces redirect errors for mutating fetches (4.74859ms)
✔ oac form transport: binds the default browser fetch to window (6.57972ms)
✔ oac form transport: leaves unmarked and GET forms to native behavior (3.462765ms)
✔ oac form transport: rejects cross-origin actions before sending (4.836868ms)
✔ oac form transport: stops listening when controller is stopped (5.568698ms)
✔ oac form transport: preserves constraint validation before sending (5.717974ms)
✔ oac form transport: requires opt-in for non-native mutating methods (4.213775ms)
✔ oac form transport: fails closed for form-level multipart encoding (5.593937ms)
✔ oac form transport: fails closed for form-level text plain encoding (5.039662ms)
✔ oac form transport: fails closed for unknown form-level encoding (4.909756ms)
✔ oac form transport: submitter formenctype can opt back into URL encoding (3.453536ms)
✔ oac form transport: unknown submitter formenctype fails closed over form encoding (5.030883ms)
✔ oac form transport: submitter formenctype can fail closed over form encoding (4.933745ms)
✔ oac form transport: navigates same-origin redirected responses through the browser (4.129717ms)
✔ oac form transport: rejects cross-origin redirect targets (2.889081ms)
✔ oac form transport: rejects malformed redirect targets (2.93268ms)
✔ oac form transport: replaces the document for same-origin HTML responses (6.700496ms)
✔ oac form transport: refuses default document replacement when response CSP is present (3.613881ms)
✔ oac form transport: strict CSP defaults to full same-origin browser navigation (7.337779ms)
✔ oac form transport: explicit full-page policy navigates CSP-protected HTML through the browser (6.128782ms)
✔ oac form transport: SPA navigation policy loads external hydration before mutation (11.108116ms)
✔ oac form transport: refuses explicit SPA policy when response CSP is present (3.764577ms)
✔ oac form transport: SPA policy rejects unsafe hydration targets before mutation (4.446738ms)
✔ oac form transport: lets hosts override navigation outcomes (3.540903ms)
✔ operator visibility example renders deterministic SSR markers from load data (11.992732ms)
✔ operator visibility example source does not compute freshness during render (2.854142ms)
✔ FaceApp: observability hooks receive request + ISR state + render duration (7.040768ms)
✔ FaceApp: request metrics tag deterministic render errors by class (0.348771ms)
✔ portal fixture harness: SSR renders portal-like components with AntD + Emotion styles (47.425253ms)
✔ portal fixture harness: hydrates without React mismatch warnings (94.081935ms)
﹣ portal reference: SSR + hydration renders real portal components (2.15591ms) # missing portal reference at /home/aron/ai-workspace/codebases/theory.cloud/factory/products/frameworks/FaceTheory/reference/paytheory-portal/src
✔ public package subpaths expose Vue and Svelte stitch modules to TypeScript consumers (0.327961ms)
✔ react adapter: streaming body renders and FaceApp wraps document (5.717434ms)
✔ react adapter: readiness callback fires for shell and all-ready (1.147449ms)
✔ react adapter: strict CSP streaming buffers safe all-ready output (1.44464ms)
✔ react adapter: strict CSP allows shell streaming with external styles only (0.455478ms)
✔ react adapter: strict CSP rejects shell streaming with finalize-time inline style integrations (0.386129ms)
✔ react adapter: renders ReactNode + head tags + hydration (4.606074ms)
✔ react adapter: renders non-element ReactNode (0.274652ms)
✔ react adapter: strict CSP emits external hydration without inline data (0.941734ms)
✔ react adapter: strict SSR sidecars serve the exact React hydration payload without rerendering (2.132362ms)
✔ react adapter: strict SSR without sidecar runtime fails closed before inline hydration succeeds (0.447148ms)
✔ react adapter: ISR strict CSP lets runtime externalize legacy hydration sidecars (5.8392ms)
✔ react adapter: SSG strict CSP lets build externalize legacy streaming hydration sidecars (13.128431ms)
✔ react adapter: strict CSP rejects inline hydration before head emission (0.481576ms)
✔ FaceApp resources: return raw FaceResponse bodies without document wrapping (1.303675ms)
✔ FaceApp resources: preserve deterministic route precedence beside faces (0.582314ms)
✔ FaceApp resources: more specific resources can coexist with dynamic faces (0.216144ms)
✔ FaceApp resources: duplicate face/resource routes fail closed (0.228164ms)
✔ FaceApp resources: ambiguous face/resource routes fail closed (0.145256ms)
✔ resource helpers: are exported from the public core surface (0.293392ms)
✔ resource helpers: JSON responses use safe serialization and stable headers (0.455467ms)
✔ resource helpers: text and empty responses set deterministic cache and content headers (0.163825ms)
✔ resource helpers: method-not-allowed responses canonicalize the Allow header (0.127426ms)
✔ resource helpers: reject unsafe JSON and header inputs (0.177655ms)
✔ FaceApp resources: helpers return raw method-not-allowed responses (0.177755ms)
✔ responsive primitives: contract declares neutral/react/vue/svelte parity and reduced-motion CSS (0.833147ms)
✔ responsive primitives: React adapter renders a11y contract without inline style (33.811864ms)
✔ responsive primitives: Vue adapter renders parity a11y contract without inline style (10.459504ms)
✔ responsive primitives: Svelte adapter renders parity a11y contract without inline style (95.33278ms)
✔ responsive primitives: Link href sanitizer rejects dangerous schemes and preserves safe URLs (0.179905ms)
✔ responsive primitives: Link helper reuses shared classifier and only intercepts accepted clicks (6.082474ms)
✔ responsive primitives: Button suppression and Link rel helpers are deterministic (0.147636ms)
✔ router: matches static before param before proxy (0.626272ms)
✔ router: proxy+ does not match empty (0.074788ms)
✔ router: supports {name+} catch-all params (0.069258ms)
✔ router: {name+} does not match empty (0.046079ms)
✔ router: proxy* matches empty (0.051369ms)
✔ router: {name*} matches empty (0.041669ms)
✔ router: strict trailing-slash policy preserves exact matching (0.073108ms)
✔ router: redirect trailing-slash policy exposes canonical redirect paths (0.063239ms)
✔ router: normalize trailing-slash policy matches both silently (0.064908ms)
✔ security: strict CSP extensions preserve byte-identical defaults (0.512016ms)
✔ security: strict CSP extensions append existing and new directives deterministically (0.201004ms)
✔ security: strict CSP extensions dedupe repeated source expressions (0.121496ms)
✔ security: strict CSP extensions reject unsafe-inline and unsafe-eval (0.278922ms)
✔ security: strict CSP extensions reject injection-shaped directives and values (0.092608ms)
✔ spa helpers: parse FaceTheory documents into navigation snapshots (34.483006ms)
✔ spa helpers: parse external hydration metadata without inline data (5.992866ms)
✔ spa helpers: treats spoofed inline hydration markers as absent (11.068516ms)
✔ spa helpers: load external hydration data before module hydration (4.457918ms)
✔ spa helpers: apply snapshots preserves the shell when a view container exists (7.849185ms)
✔ spa helpers: startFaceNavigation intercepts links and invokes hydration hooks (11.975192ms)
✔ spa helpers: startFaceNavigation loads external hydration before DOM mutation (7.723839ms)
✔ spa helpers: startFaceNavigation can opt out of external hydration loading (6.095324ms)
✔ spa helpers: startFaceNavigation rejects cross-origin programmatic navigation (4.492227ms)
✔ spa helpers: startFaceNavigation rejects redirected cross-origin snapshots before DOM mutation (4.114377ms)
✔ spa helpers: startFaceNavigation rejects remote hydration modules before DOM mutation (4.568695ms)
✔ spa helpers: startFaceNavigation rejects cross-origin hydration data before DOM mutation (4.737551ms)
✔ spa helpers: startFaceNavigation fails closed on invalid external hydration data (5.208607ms)
✔ spa helpers: loadFaceNavigationModule rejects cross-origin bootstrap modules (4.407849ms)
✔ ssg: static + param routes produce deterministic files and manifest (16.647174ms)
✔ ssg: incremental builds skip unchanged route outputs (44.222569ms)
✔ ssg: concurrency defaults to serial and can be raised (53.509285ms)
✔ ssg: route failures are reported after successful pages write (1.672295ms)
✔ ssg cli: --concurrency reports isolated route failures as non-zero (2.359385ms)
✔ ssg cli: entrypoint exits non-zero for isolated route failures (66.417981ms)
✔ ssg cli: --incremental reports skipped unchanged pages (7.795867ms)
✔ ssg: denies network fetch by default (1.10105ms)
✔ ssg: rejects dot-segment params that would escape the output root (0.613723ms)
✔ ssg: allows explicit fetch mock (13.782002ms)
✔ ssg: strict CSP hydration emits canonical sidecar without inline data (2.459602ms)
✔ ssg: strict CSP preserves caller-managed external hydration sidecars (1.182938ms)
✔ ssg: strict CSP external hydration with undefined data does not serialize a sidecar (1.247116ms)
✔ ssg: non-strict hydration sidecars remain opt-in compatibility output (1.707794ms)
✔ SSR hydration sidecar store: writes safe JSON and returns a signed expiring URL token (1.758532ms)
✔ SSR hydration sidecars: emitted framework URL is reachable from the same FaceApp without rerendering (2.54641ms)
✔ SSR hydration sidecar store: rejects tampered tokens (0.415688ms)
✔ SSR hydration sidecar store: rejects expired and not-yet-valid tokens (0.233533ms)
✔ SSR hydration sidecar store: rejects wrong-variant and missing sidecar reads (0.271882ms)
✔ SSR hydration sidecar store: detects stored body tampering (0.194985ms)
✔ SSR hydration sidecar store: rejects malformed tokens and non-serializable top-level payloads (0.151046ms)
✔ SSR hydration sidecar helpers: expose stable public core primitives (0.087358ms)
✔ SSR hydration sidecar helpers: normalize slash-heavy prefixes linearly (0.468137ms)
✔ SSR hydration sidecar helpers: reject network-path data URL prefixes (0.176375ms)
✔ SSR hydration sidecar helpers: reject control characters in data URL prefixes (0.181485ms)
✔ SSR hydration sidecar helpers: reject control characters in object prefixes (0.122026ms)
✔ SSR hydration sidecar helpers: accept valid same-origin and object prefixes (0.168265ms)
✔ AuditTrailPanel renders groups + events with stable data attrs and safety footnote (14.547962ms)
✔ AuditTrailPanel group disclosure toggles carry aria-expanded + aria-controls (4.168905ms)
✔ AuditTrailPanel renders error event with role=alert (3.739268ms)
✔ AuditTrailPanel suppresses title/icon/body/metadata/externalLink for redacted events (3.580922ms)
✔ AuditTrailPanel drops javascript: external links and emits noopener+target=_blank on safe links (3.331339ms)
✔ AuditTrailPanel renders empty state with caller-supplied label (2.272748ms)
✔ AuditTrailPanel produces byte-identical SSR output for the same trail (11.405368ms)
✔ DisclosurePanel renders collapsed state with hidden content region (2.626678ms)
✔ DisclosurePanel renders expanded state with visible content region (2.336366ms)
✔ DisclosurePanel with status=error gets role=alert on the section (1.81349ms)
✔ DisclosurePanel is byte-identical across repeated SSR renders (3.262621ms)
✔ AuditTrail / DisclosurePanel fixtures do not leak production-like secrets into displayed surfaces (2.55196ms)
✔ PackageSourceInputPanel renders paste, dropzone, and upload modes with stable data attrs (13.534249ms)
✔ PackageSourceInputPanel renders invalid-syntax + unsafe errors with role=alert and evidence (3.265581ms)
✔ PackageSourceInputPanel renders forbidden error with role=alert + state label (2.55206ms)
✔ PackageSourceInputPanel only renders evidence for kind=invalid-syntax; forbidden/unsafe/other evidence is suppressed (2.628388ms)
✔ PackageSourceInputPanel never renders caller-supplied evidence for kind=redacted (2.323287ms)
✔ PackageSourceInputPanel renders ready state with file metadata (2.462863ms)
✔ PackageSourceInputPanel renders Clear/Replace/Copy as real keyboard-accessible buttons (2.299107ms)
✔ PackageSourceInputPanel produces byte-identical SSR output for the same input (10.444244ms)
✔ CodeDropzone renders state-labeled dropzone with file metadata and errors (2.999838ms)
✔ PackageSourceInputPanel fixtures contain no AWS keys or other production-like secrets in displayed surfaces (0.200904ms)
✔ SelectableCardGridPanel renders single-select as a radiogroup with stable data attrs (14.045405ms)
✔ SelectableCardGridPanel renders recommended, risk, and blocked TEXT pills (not color-only) (3.552173ms)
✔ SelectableCardGridPanel renders disabled-with-reason wired via aria-describedby (2.985168ms)
✔ SelectableCardGridPanel renders multi-select as a group of checkboxes (2.801133ms)
✔ SelectableCardGridPanel exposes each layout via data-layout (8.145637ms)
✔ SelectableCardGridPanel produces byte-identical SSR output for the same input (10.927191ms)
✔ ChoiceCard renders selected single-family card with role=radio + aria-checked (2.799604ms)
✔ ChoiceCard renders disabled card with aria-disabled and aria-describedby wiring (1.81009ms)
✔ SelectableCardGridPanel fixture contains no obvious production-like or secret values (0.137096ms)
✔ WizardAuthorityContextStripPanel renders caller-supplied items in order with stable data attributes (14.120823ms)
✔ WizardAuthorityContextStripPanel exposes data-layout for each of the four layout values (11.417737ms)
✔ WizardAuthorityContextStripPanel honours `wrap=false` on strip layout (2.507251ms)
✔ WizardAuthorityContextStripPanel honours each size token (12.642493ms)
✔ WizardAuthorityContextStripPanel renders accessible copy button with deterministic payload (2.780034ms)
✔ WizardAuthorityContextStripPanel uses item.copyValue when supplied instead of item.value (1.943497ms)
✔ WizardAuthorityContextStripPanel drops unsafe href schemes (2.039194ms)
✔ WizardAuthorityContextStripPanel renders empty state when no items are supplied (1.774761ms)
✔ WizardAuthorityContextStripPanel renders read-only and authority cues as text without relying on color (1.999505ms)
✔ WizardAuthorityContextStripPanel produces byte-identical SSR output for the same input (3.832966ms)
✔ WizardServerResolvedContextBarPanel alias renders the same DOM as WizardAuthorityContextStripPanel (3.555673ms)
✔ WizardAuthorityContextStripPanel renders the safety-policy footnote into the DOM (1.83163ms)
✔ WizardAuthorityContextStripPanel fixture contains no obvious production-like or secret values (0.101087ms)
✔ WizardEditableTokenInputPanel renders caller-supplied tokens in order with stable data attributes (13.911989ms)
✔ WizardEditableTokenInputPanel renders accessible Remove button for each token (3.423946ms)
✔ WizardEditableTokenInputPanel honours per-token metadata for tone, removability, and disabled (3.167933ms)
✔ WizardEditableTokenInputPanel Backspace honours per-token removability metadata (1.216157ms)
✔ WizardEditableTokenInputPanel renders tokenPrefix and draftValue (2.756654ms)
✔ WizardEditableTokenInputPanel renders validateToken-driven feedback with role="alert" (2.597389ms)
✔ WizardEditableTokenInputPanel surfaces duplicate feedback when allowDuplicates !== true (2.504341ms)
✔ WizardEditableTokenInputPanel does not surface duplicate feedback when allowDuplicates is true (2.360085ms)
✔ WizardEditableTokenInputPanel surfaces maxTokens feedback when at capacity (8.344111ms)
✔ WizardEditableTokenInputPanel prefers caller-supplied feedbackMessage over computed feedback (2.765475ms)
✔ WizardEditableTokenInputPanel labels disabled state as text and disables the input (2.276028ms)
✔ WizardEditableTokenInputPanel labels read-only state as text and disables Remove buttons (1.904888ms)
✔ WizardEditableTokenInputPanel renders empty-tokens placeholder when value is empty (1.764731ms)
✔ WizardEditableTokenInputPanel produces byte-identical SSR output for the same props (3.541883ms)
✔ WizardChipListPanel alias renders the same DOM as WizardEditableTokenInputPanel (3.672969ms)
✔ WizardEditableTokenInputPanel renders the safety-policy footnote into the DOM (1.792311ms)
✔ WizardEditableTokenInputPanel fixture contains no obvious production-like or secret values (0.100188ms)
✔ canonicalizeWizardReconciliationPlanKind normalizes alias kinds to canonical kinds (0.487317ms)
✔ WizardReconciliationPlanPanel renders caller-supplied rows in order with canonical + alias data attributes (13.531149ms)
✔ WizardReconciliationPlanPanel marks conflict/blocked/external rows as prominent and uses role="alert" (3.573842ms)
✔ WizardReconciliationPlanPanel expand/collapse uses real button + aria-expanded + aria-controls (3.252871ms)
✔ WizardReconciliationPlanPanel replaces detail values with redaction marker when row or detail is redacted (2.94838ms)
✔ WizardReconciliationPlanPanel renders caller-supplied per-kind counts verbatim (2.600368ms)
✔ WizardReconciliationPlanPanel produces byte-identical SSR output for the same input (5.057411ms)
✔ WizardDiffListPanel alias renders the same DOM as WizardReconciliationPlanPanel (10.054545ms)
✔ WizardReconciliationPlanPanel renders the empty state when no rows are supplied (2.355316ms)
✔ WizardProgress renders caller-supplied steps in order with stable status data attributes (13.345625ms)
✔ WizardProgress prefers caller-supplied progressLabel and renders the same SSR output twice (5.457001ms)
✔ WizardPackageSummaryPanel renders package totals and per-file metadata without computing values (3.029537ms)
✔ WizardPackageSummaryPanel renders empty-files state without inventing rows (2.225869ms)
✔ WizardFindingListPanel renders severity chips and per-finding evidence (2.763774ms)
✔ WizardReconcileSummaryPanel replaces sensitive details with a redaction marker (2.795004ms)
✔ WizardCapabilityReviewPanel suppresses sensitive details and hides redacted descriptions (7.634291ms)
✔ WizardEnablementChecklistPanel renders caller-supplied summary and all-ready assertion (2.974688ms)
✔ WizardRecoveryStatusPanel renders caller-supplied resume token label without emitting raw secrets (2.696786ms)
✔ WizardRecoveryStatusPanel marks failed state as an alert and renders the failed chip (1.907808ms)
✔ WizardEmptyState renders the wizard safety policy and the empty-state intent (1.82149ms)
✔ wizard primitives render identical SSR output across repeated invocations (25.54855ms)
✔ NonAuthoritativeBanner renders authority, provenance, confidence, and staleness metadata (13.10364ms)
✔ MetadataBadgeGroup renders provenance and correlation without computing freshness (2.989248ms)
✔ MetadataBadge blocks executable href protocols (2.330256ms)
✔ OperatorEmptyState renders explicit no-mock empty state intent (2.338146ms)
✔ GuardedOperatorShell renders authorized children only when authorized (2.127332ms)
✔ GuardedOperatorShell renders unauthorized state from caller-supplied guard status (2.16702ms)
✔ GuardedOperatorShell renders deterministic loading state (1.924077ms)
✔ GuardedOperatorShell renders deterministic error state (6.309317ms)
✔ HealthStatusPanel renders health states, API metadata, and stale markers (3.608591ms)
✔ HealthStatusPanel renders an explicit empty health state (2.093632ms)
✔ VisibilityMatrix renders entity dimensions with cell metadata and states (3.098435ms)
✔ VisibilityMatrix renders explicit empty matrix cells (1.930997ms)
✔ DataTable renders toolbar slots, rows, and the row-actions column (16.795419ms)
✔ DataTable renders the empty state when dataSource is empty (7.808176ms)
✔ PropertyGrid renders key/value pairs and respects span="full" (2.006395ms)
✔ DetailPanel renders title, description, actions, and a PropertyGrid (2.031725ms)
✔ SplitForm + FormRow render label/description/control + error region (1.887848ms)
✔ FormSection wraps FormRows with a heading and description (1.757322ms)
✔ StatusTag renders each variant with the correct class and default label (11.189423ms)
✔ StatusTag policy variants render their default labels (6.032604ms)
✔ StatusTag supports a custom label override (1.646964ms)
✔ DestructiveConfirm renders title, description, and default button labels (7.811076ms)
✔ DestructiveConfirm with requireText renders a guarded text input (9.377813ms)
✔ Tabs renders labels, count badges, and the active panel content (8.78135ms)
✔ Tabs uses defaultActiveKey when activeKey is omitted (4.540016ms)
✔ Tabs hides items flagged hidden (4.304752ms)
✔ FilterChip renders label, count, and a removal affordance (1.753902ms)
✔ FilterChipGroup lays out multiple chips with a trailing slot (1.850219ms)
✔ FilterChip omits the remove affordance when removable is false (1.493059ms)
✔ InlineKeyValueList renders dense label/value rows (1.641075ms)
✔ CopyableCode renders the code chip and a copy button (1.585907ms)
✔ CopyableCode separates visible content from copy payload via children (1.521399ms)
✔ LogStream plain variant renders each row with a level class (1.706364ms)
✔ LogStream terminal variant renders window chrome and a title (1.609286ms)
✔ stitch-hosted-auth shared core contract resolves deterministic values (0.908875ms)
✔ AuthPageLayout with gradient background applies Stitch signature gradient (11.796017ms)
✔ AuthPageLayout with surface background does not emit gradient (2.641218ms)
✔ AuthCard renders title, description, body, header action, and footer (8.862857ms)
✔ AuthFlowStepper marks the current step with aria-current (2.55841ms)
✔ AuthFlowSection renders eyebrow, title, description, and children (2.18518ms)
✔ PasskeyCTA applies gradient background and pill radius (8.473048ms)
✔ OTPInput wraps AntD Input.OTP with the Stitch class name (15.363839ms)
✔ OTPInput marked invalid adds the invalid class and error status (7.578073ms)
✔ ConsentList renders granted and ungranted ConsentItems distinctly (2.442873ms)
✔ AuthStateCard error variant uses the error container surface and role=alert (2.073853ms)
✔ AuthStateCard success variant omits role=alert and uses tertiary accent (1.622236ms)
✔ resolveActiveNav: exact path match selects the correct leaf (0.963404ms)
✔ resolveActiveNav: nested child is matched and breadcrumb walks up the group (0.111686ms)
✔ resolveActiveNav: longest-prefix wins when a sub-route is active (0.073008ms)
✔ resolveActiveNav: /partners/new beats /partners when path is /partners/new/foo (0.060849ms)
✔ resolveActiveNav: hidden items still participate in breadcrumb resolution (0.052889ms)
✔ resolveActiveNav: unmatched pathname returns empty result (0.054219ms)
✔ resolveActiveNav: React subpath re-exports the shared resolver (0.086638ms)
✔ Shell renders sidebar, topbar, and content region (34.052546ms)
✔ Shell hides nav items marked hidden (12.74423ms)
✔ Shell renders anchor nav items when no client navigation handler is provided (18.068654ms)
✔ PageFrame renders breadcrumb anchors without a client navigation handler (7.362258ms)
✔ Section renders title, description, actions, and children (3.99824ms)
✔ Panel uses CSS variables for surface + radius (2.041724ms)
✔ SummaryStrip wraps StatCards in a responsive grid (2.17813ms)
✔ StatCard delta trend colors bind to Stitch tokens (2.023355ms)
✔ Callout renders title, content, and an accent-bound variant class (1.947247ms)
✔ Callout danger variant takes role="alert" for assistive tech (1.887538ms)
✔ Callout info variant uses role="note" instead of alert (1.673744ms)
✔ Callout renders an actions slot when provided (1.641005ms)
✔ Topbar renders logo and surfaceLabel on the left edge in order (2.345735ms)
✔ Topbar omits logo/surfaceLabel wrappers when not provided (2.255428ms)
✔ Topbar omits wrappers when logo/surfaceLabel/left are falsy (false, null, "") (6.247718ms)
✔ Topbar omits wrappers when logo/surfaceLabel are arrays-of-falsies or empty fragments (9.251206ms)
✔ Topbar still renders wrappers when arrays / fragments contain renderable content (2.56514ms)
✔ Shell forwards topbarLogo and topbarSurfaceLabel into the Topbar (9.079081ms)
✔ BrandHeader renders logo + wordmark without a surface chip by default (1.868709ms)
✔ BrandHeader omits the surface chip when surfaceLabel is falsy (false, null, "") (4.3912ms)
✔ BrandHeader omits the surface chip for arrays-of-falsies and empty fragments (4.230884ms)
✔ BrandHeader renders a surface chip when surfaceLabel is provided (1.486879ms)
✔ BrandHeader surfaceTone normalizes to safe stitch CSS variable suffixes (1.500339ms)
✔ BrandHeader surfaceTone handles long separator runs safely (1.79605ms)
✔ BrandHeader falls back to neutral tokens when surfaceTone normalizes empty (1.514688ms)
✔ BrandHeader without surfaceTone falls back to neutral surface-container tokens (1.489179ms)
✔ BrandHeader composes with Topbar via the logo slot (2.168831ms)
✔ stitch-tokens: AntD theme binds primary palette (0.554965ms)
✔ stitch-tokens: AntD theme uses tonal surfaces as the layout base (0.084618ms)
✔ stitch-tokens: AntD theme enforces Stitch "no dividers" rule (0.058838ms)
✔ stitch-tokens: AntD theme drops shadows from buttons per Stitch design MD (0.054189ms)
✔ stitch-tokens: AntD theme binds menu selection to primary fixed (0.053308ms)
✔ stitch-tokens: AntD theme uses body font for the base font family (0.120006ms)
✔ stitch-tokens: AntD theme opts out of hashed + wireframe (0.36499ms)
✔ stitch-tokens: CSS vars emit kebab-case color names under default prefix (0.236304ms)
✔ stitch-tokens: CSS vars emit typography, radius, spacing, mode (0.118657ms)
✔ stitch-tokens: CSS vars honor custom prefix (0.232414ms)
✔ stitch-tokens: stitchCssVarsToRootBlock renders a valid :root block (0.177115ms)
✔ stitch-tokens: stitchCssVarsToRootBlock escapes style terminators (0.068898ms)
✔ stitch-tokens: React subpath re-exports the shared token helpers (0.220414ms)
✔ stitch-tokens: surface dimension is optional and omitted by default (0.073478ms)
✔ stitch-tokens: surface dimension emits --stitch-surface when set (0.510266ms)
✔ stitch-tokens: surface dimension honors custom prefix (0.145526ms)
✔ stitch-tokens: surface dimension accepts free-form strings (no enum) (0.074788ms)
✔ stitch-tokens: additionalPrefixes emits tokens under extra prefixes (0.127387ms)
✔ stitch-tokens: additionalPrefixes deduplicates when overlapping with primary (0.117036ms)
✔ stitch-tokens: additionalPrefixes carries through surface and typography (0.113387ms)
✔ stitch-tokens: built-in stitch-shell components read default --stitch- prefix (0.136786ms)
✔ FaceApp: wraps streaming HTML in full document with head first (1.82736ms)
✔ FaceApp: streaming + CSP nonce applies to hydration scripts (0.412619ms)
✔ FaceApp: streaming emits document shell attrs before the body stream (0.195985ms)
✔ FaceApp: non-strict streaming preflights without buffering the full body (0.195665ms)
✔ FaceApp: strict CSP streaming responses are coerced to validated buffered HTML (0.943555ms)
✔ FaceApp: strict CSP streaming with nonce validates the full document before responding (0.633992ms)
✔ FaceApp: strict CSP streaming uses a default bounded collector (1.289814ms)
✔ FaceApp: strict CSP streaming limit counts raw bytes and fails closed (0.238083ms)
✔ FaceApp: strict CSP streaming violations fail before bytes flush (0.359991ms)
✔ FaceApp: strict CSP streaming with nonce rejects unsafe body scripts before bytes flush (0.291852ms)
✔ FaceApp: strict React stream externalizes hydration sidecar and keeps bootstrap module external (6.482112ms)
✔ react adapter: strict CSP shell stream fails closed on Suspense reveal scripts (41.429884ms)
✔ react adapter: streaming includes AntD + Emotion styles in head before body (18.080055ms)
✔ react adapter: default all-ready style strategy captures late Suspense styles in first chunk (27.499865ms)
✔ react adapter: shell strategy is configurable and does not include late styles in head (26.26794ms)
✔ react adapter: integrations receive isolated per-render state across the render lifecycle (1.528358ms)
✔ react adapter: shell strategy drains late readiness failures without unhandled rejections (74.171545ms)
✔ react adapter: streaming applies CSP nonce to all inline style/script tags (69.149863ms)
✔ FaceApp: streaming body error emits marker and closes document (0.642263ms)
✔ strict CSP harness: rejects inline script/style/raw head/event/style attributes (60.782003ms)
✔ strict CSP harness: fixture fetch serves same-origin HTML and hydration JSON (2.154861ms)
✔ strict CSP harness: navigates with external hydration before module hook (18.549591ms)
✔ svelte SSR fixtures cover every migration-target component (5.243646ms)
✔ svelte SSR fixtures preserve current output across SSR, SSG, and ISR (595.406662ms)
✔ svelte stitch-admin: NonAuthoritativeBanner renders metadata parity markers (75.973265ms)
✔ svelte stitch-admin: MetadataBadgeGroup renders provenance, correlation, and stable freshness (12.358151ms)
✔ svelte stitch-admin: MetadataBadge blocks executable href protocols (5.256006ms)
✔ svelte stitch-admin: OperatorEmptyState renders explicit no-mock intent (4.268693ms)
✔ svelte stitch-admin: GuardedOperatorShell renders authorized content (5.46359ms)
✔ svelte stitch-admin: GuardedOperatorShell renders unauthorized state (5.251415ms)
✔ svelte stitch-admin: GuardedOperatorShell renders loading state (5.619696ms)
✔ svelte stitch-admin: GuardedOperatorShell renders error state (5.404341ms)
✔ svelte stitch-admin: HealthStatusPanel renders degraded and stale health states (13.48003ms)
✔ svelte stitch-admin: HealthStatusPanel renders empty observations (11.904663ms)
✔ svelte stitch-admin: VisibilityMatrix renders cell metadata and states (22.730546ms)
✔ svelte stitch-admin: VisibilityMatrix renders explicit empty matrix cells (16.994184ms)
✔ svelte stitch-admin: WizardEditableTokenInputPanel renders parity DOM with React adapter (16.441819ms)
✔ svelte stitch-admin: WizardEditableTokenInputPanel Backspace honours per-token removability metadata (150.155719ms)
✔ svelte stitch-admin: WizardEditableTokenInputPanel surfaces invalid + duplicate feedback with role=alert (24.78195ms)
✔ svelte stitch-admin: WizardEditableTokenInputPanel is byte-identical across repeated SSR renders (34.152832ms)
✔ svelte wizard parity: WizardProgress renders steps with stable data attrs (5.064881ms)
✔ svelte wizard parity: WizardPackageSummaryPanel renders file totals + safety footnote (11.246511ms)
✔ svelte wizard parity: WizardFindingListPanel renders severity chips and evidence (9.363673ms)
✔ svelte wizard parity: WizardReconcileSummaryPanel replaces redacted detail with marker (4.087118ms)
✔ svelte wizard parity: WizardCapabilityReviewPanel suppresses sensitive/redacted detail (3.817895ms)
✔ svelte wizard parity: WizardEnablementChecklistPanel renders caller summary + allReady (4.107957ms)
✔ svelte wizard parity: WizardRecoveryStatusPanel uses role=alert for failed state (9.10193ms)
✔ svelte wizard parity: WizardEmptyState renders safety-policy footnote (2.944129ms)
✔ svelte wizard parity: WizardReconciliationPlanPanel marks conflict/blocked/external prominent (11.724498ms)
✔ svelte wizard parity: WizardAuthorityContextStripPanel renders text-labeled authority + copy button (6.468413ms)
✔ svelte wizard parity: WizardPackageSummaryPanel renders summary.metadata via MetadataBadgeGroup (20.456158ms)
✔ svelte wizard parity: WizardFindingListPanel renders per-finding.metadata via MetadataBadgeGroup (9.702823ms)
✔ svelte wizard parity: WizardRecoveryStatusPanel renders status.metadata via MetadataBadgeGroup (8.951335ms)
✔ svelte wizard parity: WizardReconciliationPlanPanel renders row.metadata via MetadataBadgeGroup (12.132167ms)
✔ svelte selectable-card-grid: single-select renders as radiogroup with role=radio cards (12.74932ms)
✔ svelte selectable-card-grid: multi-select renders as checkbox group (12.361291ms)
✔ svelte ChoiceCard renders standalone card with selection family + safety policy (9.8139ms)
✔ svelte package-source-input: renders paste/dropzone/upload with stable data attrs (24.309093ms)
✔ svelte package-source-input: never renders caller-supplied evidence for kind=redacted (10.58433ms)
✔ svelte code-dropzone: renders state-labeled dropzone with file metadata (6.976978ms)
✔ svelte package-source-input: only invalid-syntax renders evidence; forbidden/unsafe/other suppressed (9.617886ms)
✔ svelte code-dropzone: only invalid-syntax renders evidence; forbidden/unsafe/other suppressed (7.082926ms)
✔ svelte audit-trail: AuditTrailPanel renders parity data attrs + safety footnote (15.528034ms)
✔ svelte audit-trail: group toggles carry aria-expanded + aria-controls (14.849432ms)
✔ svelte audit-trail: redacted event suppresses title/icon/body/metadata/externalLink (28.813399ms)
✔ svelte audit-trail: javascript: external links dropped; safe links get noopener+target=_blank (15.494505ms)
✔ svelte audit-trail: AuditTrailPanel byte-identical across repeated SSR renders (31.905674ms)
✔ svelte audit-trail: DisclosurePanel renders expanded state and safety footnote (13.466011ms)
✔ svelte audit-trail: DisclosurePanel with status=error sets role=alert (5.550978ms)
✔ svelte adapter: renders component + extracts css (48.368712ms)
✔ svelte adapter: renders a synchronous pre-rendered SvelteLegacySSRComponent input (0.300742ms)
✔ svelte adapter: integration hooks provide deterministic head/style ordering and nonce coverage (49.764654ms)
✔ svelte adapter: strict CSP emits external hydration without inline data (1.019373ms)
✔ svelte adapter: strict SSR sidecars serve the exact Svelte hydration payload without rerendering (2.290527ms)
✔ svelte adapter: strict SSR without sidecar runtime fails closed before inline hydration succeeds (0.35335ms)
✔ svelte adapter: strict CSP rejects inline hydration before head emission (0.285343ms)
✔ svelte adapter: strict CSP rejects raw SSR head and CSS fallback (0.228484ms)
✔ tabletheory adapter: get returns null when missing (0.461988ms)
✔ tabletheory adapter: get maps metadata into IsrMetaRecord with defaults (0.156166ms)
✔ tabletheory adapter: tryAcquireLease returns acquired:false with fallback record when missing (0.118427ms)
✔ tabletheory adapter: tryAcquireLease returns acquired:true with lease fields (0.085467ms)
✔ tabletheory adapter: commitGeneration rejects revalidateSeconds <= 0 (0.328261ms)
✔ tabletheory adapter: commitGeneration maps args to TableTheory store (0.108017ms)
✔ tabletheory adapter: invalidate throws pending-coordination error (0.179215ms)
✔ testing subpath: buildFaceRequest and renderFace render a Face without Lambda events (1.957016ms)
✔ testing subpath: assertHydrationEquivalent detects DOM drift and hydration warnings (362.587335ms)
✔ testing subpath: strict CSP assertions and fixture fetch are reusable by consumers (9.991296ms)
✔ vite SSR example: builds client+server and renders without missing assets (555.360931ms)
✔ vite SSR svelte example: builds client+server and renders without missing assets (1030.610093ms)
✔ vite SSR svelte external library example: builds, injects assets, and hydrates interactivity (789.269359ms)
✔ vite SSR vue example: builds client+server and renders without missing assets (402.300067ms)
✔ vite strict CSP svelte example: renders external assets and framework SSR hydration sidecars (619.487082ms)
✔ vite strict CSP svelte example server: malformed request targets return 400 without exiting (712.652826ms)
✔ vite strict CSP svelte example: browser harness hydrates and navigates with external data (596.316655ms)
✔ vite: resolves bootstrap module + injects preload + css links (0.922815ms)
✔ vite: includeAssets emits deterministic asset hints and ignores dynamic imports (0.3851ms)
✔ vite: base works for root, subpath, and absolute CDN base (0.183625ms)
✔ vite: hydration helper sets bootstrap module (0.108157ms)
✔ vite: dev assets stay separate from production manifest assets (0.173105ms)
✔ vite: dev hydration helper uses source entry bootstrap module (0.071928ms)
✔ vite: external hydration helper preserves dataUrl and bootstrap metadata (0.175345ms)
✔ vite: external hydration helper accepts same-origin absolute dataUrl (0.102218ms)
✔ vite: external hydration helper accepts same-origin relative dataUrl with allowed origin (0.131266ms)
✔ vite: external hydration helper rejects unsafe and cross-origin dataUrl (0.393389ms)
✔ vite: external hydration helper rejects backslash-prefixed network-path dataUrl (0.175975ms)
✔ vite: external hydration helper rejects backslash-prefixed network-path dataUrl without allowed origin (0.176056ms)
✔ vite: dynamic import policy is ignore (0.055259ms)
✔ vue stitch-admin: operator visibility notices render parity metadata (5.675664ms)
✔ vue stitch-admin: MetadataBadgeGroup renders provenance, correlation, and stable freshness (0.682951ms)
✔ vue stitch-admin: MetadataBadge blocks executable href protocols (0.341861ms)
✔ vue stitch-admin: OperatorEmptyState renders explicit no-mock intent (0.431648ms)
✔ vue stitch-admin: GuardedOperatorShell renders authorized default slot (0.441198ms)
✔ vue stitch-admin: GuardedOperatorShell renders default unauthorized, loading, and error states (0.535875ms)
✔ vue stitch-admin: GuardedOperatorShell accepts named fallback slots (0.285853ms)
✔ vue stitch-admin: HealthStatusPanel renders degraded/stale health states (0.899785ms)
✔ vue stitch-admin: HealthStatusPanel renders empty health observations (0.351081ms)
✔ vue stitch-admin: VisibilityMatrix renders cell metadata and states (1.287695ms)
✔ vue stitch-admin: VisibilityMatrix renders explicit empty matrix cells (0.372479ms)
✔ vue stitch-admin: DataTable renders toolbar content, rows, and row actions (0.574104ms)
✔ vue stitch-admin: detail, form, status, and destructive primitives render parity markers (1.581636ms)
✔ vue stitch-admin: tabs, chips, key-value rows, copy code, logs, and policy variants render parity markers (1.370013ms)
✔ vue stitch-admin: WizardEditableTokenInputPanel renders parity DOM with React adapter (0.693191ms)
✔ vue stitch-admin: WizardEditableTokenInputPanel Backspace honours per-token removability metadata (0.969713ms)
✔ vue stitch-admin: WizardEditableTokenInputPanel surfaces invalid+duplicate feedback with role=alert (0.600464ms)
✔ vue stitch-admin: WizardEditableTokenInputPanel is byte-identical across repeated SSR renders (0.445678ms)
✔ vue stitch-admin: WizardChipListPanel alias renders the same DOM as the canonical panel (0.483917ms)
✔ vue wizard parity: WizardProgress renders caller-supplied steps with stable data attrs (0.393259ms)
✔ vue wizard parity: WizardPackageSummaryPanel renders totals + per-file metadata (0.36313ms)
✔ vue wizard parity: WizardFindingListPanel renders severity counts and findings (0.35472ms)
✔ vue wizard parity: WizardReconcileSummaryPanel redacts entries marked sensitive (0.370659ms)
✔ vue wizard parity: WizardCapabilityReviewPanel suppresses sensitive/redacted details (0.336081ms)
✔ vue wizard parity: WizardEnablementChecklistPanel renders caller summary + all-ready data attr (0.396599ms)
✔ vue wizard parity: WizardRecoveryStatusPanel uses role=alert for failed state (0.33812ms)
✔ vue wizard parity: WizardEmptyState renders safety-policy footnote (0.259303ms)
✔ vue wizard parity: WizardReconciliationPlanPanel marks conflict/blocked/external prominent (0.590184ms)
✔ vue wizard parity: WizardDiffListPanel alias renders identically to canonical (0.36409ms)
✔ vue wizard parity: WizardAuthorityContextStripPanel renders text-labeled authority + read-only cues (0.428018ms)
✔ vue wizard parity: WizardServerResolvedContextBarPanel alias renders identically (0.322421ms)
✔ vue wizard parity: WizardPackageSummaryPanel renders summary.metadata via MetadataBadgeGroup (0.291242ms)
✔ vue wizard parity: WizardFindingListPanel renders per-finding.metadata via MetadataBadgeGroup (1.43693ms)
✔ vue wizard parity: WizardRecoveryStatusPanel renders status.metadata via MetadataBadgeGroup (0.283142ms)
✔ vue wizard parity: WizardReconciliationPlanPanel renders row.metadata via MetadataBadgeGroup (0.249274ms)
✔ vue selectable-card-grid: single-select renders as radiogroup with role=radio cards (0.515556ms)
✔ vue selectable-card-grid: renders recommended/risk/blocked TEXT pills + disabled reason wiring (0.277312ms)
✔ vue selectable-card-grid: multi-select renders as checkbox group (0.223453ms)
✔ vue selectable-card-grid: byte-identical SSR for the same input (0.37275ms)
✔ vue ChoiceCard renders standalone card with selection family + safety policy (0.342811ms)
✔ vue package-source-input: renders paste/dropzone/upload modes with stable data attrs (0.564125ms)
✔ vue package-source-input: renders forbidden + redacted error kinds, never raw secret evidence (0.268363ms)
✔ vue package-source-input: byte-identical SSR for same input (0.255853ms)
✔ vue code-dropzone: renders state-labeled dropzone with file metadata (0.408359ms)
✔ vue package-source-input: only invalid-syntax renders evidence; forbidden/unsafe/other suppressed (0.260662ms)
✔ vue audit-trail: AuditTrailPanel renders parity data attrs + safety footnote (0.597694ms)
✔ vue audit-trail: group toggles carry aria-expanded + aria-controls (0.316731ms)
✔ vue audit-trail: redacted event suppresses title/icon/body/metadata/externalLink (0.334361ms)
✔ vue audit-trail: javascript: external links dropped; safe links get noopener+target=_blank (0.299172ms)
✔ vue audit-trail: AuditTrailPanel byte-identical across repeated SSR renders (0.423378ms)
✔ vue audit-trail: DisclosurePanel renders expanded content and safety footnote (0.336071ms)
✔ vue audit-trail: DisclosurePanel with status=error sets role=alert (0.240284ms)
✔ vue stitch-hosted-auth: AuthPageLayout and AuthCard render hosted-auth chrome (4.693211ms)
✔ vue stitch-hosted-auth: flow, otp, consent, and state components render parity markers (1.947306ms)
✔ vue stitch-shell: shared nav resolution still works (0.895326ms)
✔ vue stitch-shell: Shell renders nav, topbar, and content (6.344735ms)
✔ vue stitch-shell: PageFrame and section primitives render tokenized content (1.400301ms)
✔ vue stitch-shell: Callout renders variant classes, note/alert roles, and actions (0.539225ms)
✔ vue stitch-shell: Topbar renders logo and surfaceLabel on the left edge in order (0.320231ms)
✔ vue stitch-shell: Topbar omits logo/surfaceLabel wrappers when not provided (0.246063ms)
✔ vue stitch-shell: Topbar omits wrappers when logo/surfaceLabel/left are falsy (false, null, "") (0.584134ms)
✔ vue stitch-shell: Topbar omits wrappers for arrays-of-falsies and empty fragments (0.661781ms)
✔ vue stitch-shell: Topbar still renders wrappers when arrays / fragments contain renderable content (0.265442ms)
✔ vue stitch-shell: Shell forwards topbarLogo and topbarSurfaceLabel into Topbar (0.488736ms)
✔ vue stitch-shell: BrandHeader renders logo + wordmark without a surface chip by default (0.3713ms)
✔ vue stitch-shell: BrandHeader omits the surface chip when surfaceLabel is falsy (false, null, "") (0.453017ms)
✔ vue stitch-shell: BrandHeader omits the surface chip for arrays-of-falsies and empty fragments (0.435108ms)
✔ vue stitch-shell: BrandHeader surfaceTone normalizes to safe stitch CSS variable suffixes (0.275973ms)
✔ vue stitch-shell: BrandHeader falls back to neutral tokens when surfaceTone normalizes empty (0.213294ms)
✔ vue stitch-shell: BrandHeader without surfaceTone falls back to neutral surface-container tokens (0.198505ms)
✔ vue stitch-shell: BrandHeader composes with Topbar via the logo slot (0.246573ms)
✔ vue adapter: streaming body renders and FaceApp wraps document (5.840139ms)
✔ vue adapter: renderVueStream returns the AsyncIterable body contract (0.406459ms)
FaceTheory: streaming body error Error: vue stream failed after first chunk
    at <anonymous> (/home/aron/ai-workspace/codebases/theory.cloud/factory/products/frameworks/FaceTheory/ts/test/unit/vue-stream.test.ts:52:15)
    at AsyncGenerator.next (<anonymous>)
    at <anonymous> (/home/aron/ai-workspace/codebases/theory.cloud/factory/products/frameworks/FaceTheory/ts/src/app.ts:1155:35)
    at AsyncGenerator.next (<anonymous>)
    at streamHTMLDocument (/home/aron/ai-workspace/codebases/theory.cloud/factory/products/frameworks/FaceTheory/ts/src/html.ts:100:22)
    at streamHTMLDocument.next (<anonymous>)
    at collect (/home/aron/ai-workspace/codebases/theory.cloud/factory/products/frameworks/FaceTheory/ts/test/unit/vue-stream.test.ts:36:20)
    at async TestContext.<anonymous> (/home/aron/ai-workspace/codebases/theory.cloud/factory/products/frameworks/FaceTheory/ts/test/unit/vue-stream.test.ts:248:16)
    at async Test.run (node:internal/test_runner/test:1208:7)
    at async Test.processPendingSubtests (node:internal/test_runner/test:831:7)
✔ vue adapter: streaming waits for async wrapApp style contribution before head assembly (43.053875ms)
✔ vue adapter: strict CSP streaming buffers safe output (1.303324ms)
✔ vue adapter: streaming body error emits marker and closes document (2.043334ms)
✔ vue adapter: renders VNode + head tags (3.945862ms)
✔ vue adapter: integration hooks provide deterministic head/style ordering and nonce coverage (44.113836ms)
✔ vue adapter: wrapApp can provide deterministic style contribution (5.922487ms)
✔ vue adapter: strict CSP emits external hydration without inline data (1.043871ms)
✔ vue adapter: strict SSR sidecars serve the exact Vue hydration payload without rerendering (2.54489ms)
✔ vue adapter: strict SSR without sidecar runtime fails closed before inline hydration succeeds (0.452858ms)
✔ vue adapter: ISR strict CSP lets runtime externalize legacy hydration sidecars (6.003575ms)
✔ vue adapter: SSG strict CSP lets build externalize legacy hydration sidecars (10.788103ms)
✔ vue adapter: strict CSP rejects inline hydration and styles (0.561655ms)
ℹ tests 673
ℹ suites 0
ℹ pass 672
ℹ fail 0
ℹ cancelled 0
ℹ skipped 1
ℹ todo 0
ℹ duration_ms 52969.618906
make[1]: Leaving directory '/home/aron/ai-workspace/codebases/theory.cloud/factory/products/frameworks/FaceTheory'
